Added Component: Designator=P1(HDR1X2)
Add component. Clean all parameters for all variants
Add component (AddParameter): Name = "LatestRevisionDate"; Value = "17-Jul-2002"; VariantName = "[No Variations]"
Add component (AddParameter): Name = "LatestRevisionNote"; Value = "Re-released for DXP Platform."; VariantName = "[No Variations]"
Add component (AddParameter): Name = "Publisher"; Value = "Altium Limited"; VariantName = "[No Variations]"
Added Component: Designator=P2(HDR1X6)
Add component. Clean all parameters for all variants
Add component (AddParameter): Name = "LatestRevisionDate"; Value = "17-Jul-2002"; VariantName = "[No Variations]"
Add component (AddParameter): Name = "LatestRevisionNote"; Value = "Re-released for DXP Platform."; VariantName = "[No Variations]"
Add component (AddParameter): Name = "Publisher"; Value = "Altium Limited"; VariantName = "[No Variations]"
Added Component: Designator=P3(HDR1X2)
Add component. Clean all parameters for all variants
Add component (AddParameter): Name = "LatestRevisionDate"; Value = "17-Jul-2002"; VariantName = "[No Variations]"
Add component (AddParameter): Name = "LatestRevisionNote"; Value = "Re-released for DXP Platform."; VariantName = "[No Variations]"
Add component (AddParameter): Name = "Publisher"; Value = "Altium Limited"; VariantName = "[No Variations]"
Added Component: Designator=Q1(PCBComponent_1)
Add component. Clean all parameters for all variants
Added Component: Designator=Q2(PCBComponent_1)
Add component. Clean all parameters for all variants
Added Pin To Net: NetName=NetP1_1 Pin=P1-1
Added Pin To Net: NetName=NetP1_1 Pin=P2-5
Added Pin To Net: NetName=NetP1_1 Pin=Q1-14
Added Pin To Net: NetName=NetP1_1 Pin=Q2-8
Added Net: Name=NetP1_1
Added Pin To Net: NetName=NetP1_2 Pin=P1-2
Added Pin To Net: NetName=NetP1_2 Pin=Q1-16
Added Net: Name=NetP1_2
Added Pin To Net: NetName=NetP2_3 Pin=P2-3
Added Pin To Net: NetName=NetP2_3 Pin=Q1-9
Added Net: Name=NetP2_3
Added Pin To Net: NetName=NetP2_4 Pin=P2-4
Added Pin To Net: NetName=NetP2_4 Pin=Q1-10
Added Net: Name=NetP2_4
Added Pin To Net: NetName=NetP2_6 Pin=P2-6
Added Pin To Net: NetName=NetP2_6 Pin=Q1-15
Added Pin To Net: NetName=NetP2_6 Pin=Q2-5
Added Net: Name=NetP2_6
Added Pin To Net: NetName=NetP3_1 Pin=P3-1
Added Pin To Net: NetName=NetP3_1 Pin=Q2-6
Added Net: Name=NetP3_1
Added Pin To Net: NetName=NetP3_2 Pin=P3-2
Added Pin To Net: NetName=NetP3_2 Pin=Q2-7
Added Net: Name=NetP3_2
Added Pin To Net: NetName=NetQ1_31 Pin=Q1-31
Added Pin To Net: NetName=NetQ1_31 Pin=Q2-1
Added Net: Name=NetQ1_31
Added Pin To Net: NetName=NetQ1_32 Pin=Q1-32
Added Pin To Net: NetName=NetQ1_32 Pin=Q2-4
Added Net: Name=NetQ1_32
Added Pin To Net: NetName=NetQ1_36 Pin=Q1-36
Added Pin To Net: NetName=NetQ1_36 Pin=Q2-2
Added Pin To Net: NetName=NetQ1_36 Pin=Q2-3
Added Net: Name=NetQ1_36
Added Class: Name=Sheet1
Added Room: Name=Sheet1
